[38;5;6mmysql [38;5;5m17:52:47.51 [0m[38;5;2mINFO [0m ==> 
[38;5;6mmysql [38;5;5m17:52:47.51 [0m[38;5;2mINFO [0m ==> [1mWelcome to the Bitnami mysql container[0m
[38;5;6mmysql [38;5;5m17:52:47.51 [0m[38;5;2mINFO [0m ==> Subscribe to project updates by watching [1mhttps://github.com/bitnami/containers[0m
[38;5;6mmysql [38;5;5m17:52:47.51 [0m[38;5;2mINFO [0m ==> Did you know there are enterprise versions of the Bitnami catalog? For enhanced secure software supply chain features, unlimited pulls from Docker, LTS support, or application customization, see Bitnami Premium or Tanzu Application Catalog. See https://www.arrow.com/globalecs/na/vendors/bitnami/ for more information.
[38;5;6mmysql [38;5;5m17:52:47.51 [0m[38;5;2mINFO [0m ==> 
[38;5;6mmysql [38;5;5m17:52:47.52 [0m[38;5;2mINFO [0m ==> ** Starting MySQL setup **
[38;5;6mmysql [38;5;5m17:52:47.53 [0m[38;5;2mINFO [0m ==> Validating settings in MYSQL_*/MARIADB_* env vars
[38;5;6mmysql [38;5;5m17:52:47.53 [0m[38;5;2mINFO [0m ==> Initializing mysql database
[38;5;6mmysql [38;5;5m17:52:47.53 [0m[38;5;3mWARN [0m ==> The mysql configuration file '/opt/bitnami/mysql/conf/my.cnf' is not writable. Configurations based on environment variables will not be applied for this file.
[38;5;6mmysql [38;5;5m17:52:47.54 [0m[38;5;2mINFO [0m ==> Using persisted data
[38;5;6mmysql [38;5;5m17:52:47.54 [0m[38;5;2mINFO [0m ==> Running mysql_upgrade
[38;5;6mmysql [38;5;5m17:52:47.54 [0m[38;5;2mINFO [0m ==> Starting mysql in background
2025-05-30T17:52:47.554702Z 0 [System] [MY-015015] [Server] MySQL Server - start.
2025-05-30T17:52:47.763843Z 0 [System] [MY-010116] [Server] /opt/bitnami/mysql/bin/mysqld (mysqld 9.3.0) starting as process 36
2025-05-30T17:52:47.765767Z 0 [Warning] [MY-013242] [Server] --character-set-server: 'utf8' is currently an alias for the character set UTF8MB3, but will be an alias for UTF8MB4 in a future release. Please consider using UTF8MB4 in order to be unambiguous.
2025-05-30T17:52:47.769881Z 1 [System] [MY-013576] [InnoDB] InnoDB initialization has started.
2025-05-30T17:52:48.114625Z 1 [System] [MY-013577] [InnoDB] InnoDB initialization has ended.
2025-05-30T17:52:48.336494Z 0 [Warning] [MY-010068] [Server] CA certificate ca.pem is self signed.
2025-05-30T17:52:48.336522Z 0 [System] [MY-013602] [Server] Channel mysql_main configured to support TLS. Encrypted connections are now supported for this channel.
2025-05-30T17:52:48.340769Z 0 [Warning] [MY-011810] [Server] Insecure configuration for --pid-file: Location '/opt/bitnami/mysql/tmp' in the path is accessible to all OS users. Consider choosing a different directory.
2025-05-30T17:52:48.359441Z 0 [System] [MY-010931] [Server] /opt/bitnami/mysql/bin/mysqld: ready for connections. Version: '9.3.0'  socket: '/opt/bitnami/mysql/tmp/mysql.sock'  port: 3306  Source distribution.
find: '/docker-entrypoint-startdb.d/': No such file or directory
[38;5;6mmysql [38;5;5m17:52:49.55 [0m[38;5;2mINFO [0m ==> Stopping mysql
2025-05-30T17:52:49.554231Z 0 [System] [MY-013172] [Server] Received SHUTDOWN from user <via user signal>. Shutting down mysqld (Version: 9.3.0).
2025-05-30T17:52:50.772042Z 0 [System] [MY-010910] [Server] /opt/bitnami/mysql/bin/mysqld: Shutdown complete (mysqld 9.3.0)  Source distribution.
2025-05-30T17:52:50.772064Z 0 [System] [MY-015016] [Server] MySQL Server - end.
[38;5;6mmysql [38;5;5m17:52:51.56 [0m[38;5;2mINFO [0m ==> ** MySQL setup finished! **

[38;5;6mmysql [38;5;5m17:52:51.57 [0m[38;5;2mINFO [0m ==> ** Starting MySQL **
2025-05-30T17:52:51.587710Z 0 [System] [MY-015015] [Server] MySQL Server - start.
2025-05-30T17:52:51.775733Z 0 [System] [MY-010116] [Server] /opt/bitnami/mysql/bin/mysqld (mysqld 9.3.0) starting as process 1
2025-05-30T17:52:51.777269Z 0 [Warning] [MY-013242] [Server] --character-set-server: 'utf8' is currently an alias for the character set UTF8MB3, but will be an alias for UTF8MB4 in a future release. Please consider using UTF8MB4 in order to be unambiguous.
2025-05-30T17:52:51.781716Z 1 [System] [MY-013576] [InnoDB] InnoDB initialization has started.
2025-05-30T17:52:52.093861Z 1 [System] [MY-013577] [InnoDB] InnoDB initialization has ended.
2025-05-30T17:52:52.330359Z 0 [Warning] [MY-010068] [Server] CA certificate ca.pem is self signed.
2025-05-30T17:52:52.330390Z 0 [System] [MY-013602] [Server] Channel mysql_main configured to support TLS. Encrypted connections are now supported for this channel.
2025-05-30T17:52:52.334087Z 0 [Warning] [MY-011810] [Server] Insecure configuration for --pid-file: Location '/opt/bitnami/mysql/tmp' in the path is accessible to all OS users. Consider choosing a different directory.
2025-05-30T17:52:52.357154Z 0 [System] [MY-010931] [Server] /opt/bitnami/mysql/bin/mysqld: ready for connections. Version: '9.3.0'  socket: '/opt/bitnami/mysql/tmp/mysql.sock'  port: 3306  Source distribution.
